GROUP,PACKAGE,CLASS,INSTRUCTION_MISSED,INSTRUCTION_COVERED,BRANCH_MISSED,BRANCH_COVERED,LINE_MISSED,LINE_COVERED,COMPLEXITY_MISSED,COMPLEXITY_COVERED,METHOD_MISSED,METHOD_COVERED
com.nemesis.training,com.nemesis.training,NameValidator,30,0,8,0,5,0,5,0,1,0
com.nemesis.training,com.nemesis.training,Main,48,0,2,0,17,0,5,0,4,0
com.nemesis.training,com.nemesis.training,User,9,0,0,0,4,0,1,0,1,0
com.nemesis.training,com.nemesis.training,UserBuild,26,0,0,0,6,0,4,0,4,0
com.nemesis.training,com.nemesis.training,UsersStore,120,0,4,0,42,0,9,0,7,0
com.nemesis.training,com.nemesis.training,Config,46,0,4,0,15,0,8,0,6,0
com.nemesis.training,com.nemesis.training,Config.ConfigHelper,5,0,0,0,1,0,1,0,1,0
